<?xml version="1.0" encoding="UTF-8"?>
<Site BuildName="Win32-nmake"
	BuildStamp="20230307-1504-Continuous"
	Name="LAPTOP-HCPVMD5U"
	Generator="ctest-3.20.2"
	CompilerName="C:/Program Files (x86)/Microsoft Visual Studio/2019/Community/VC/Tools/MSVC/14.29.30133/bin/Hostx86/x86/cl.exe"
	CompilerVersion="19.29.30146.0"
	OSName="Windows"
	Hostname="LAPTOP-HCPVMD5U"
	OSRelease=" Personal"
	OSVersion=" (Build 22621)"
	OSPlatform="AMD64"
	Is64Bits="1"
	VendorString="GenuineIntel"
	VendorID="Intel Corporation"
	FamilyID="6"
	ModelID="14"
	ProcessorCacheSize="-1"
	NumberOfLogicalCPU="8"
	NumberOfPhysicalCPU="4"
	TotalVirtualMemory="21853"
	TotalPhysicalMemory="12125"
	LogicalProcessorsPerPhysical="2"
	ProcessorClockFrequency="2400"
	>
	<Configure>
		<StartDateTime>Mar 07 18:04 RTZ 2 (ceia)</StartDateTime>
		<StartConfigureTime>1678201483</StartConfigureTime>
		<ConfigureCommand>"C:/Program Files/JetBrains/CLion 2021.2.3/bin/cmake/win/bin/cmake.exe" "C:/viz/extern/pugixml-1.13"</ConfigureCommand>
		<Log>-- Configuring done
-- Generating done
-- Build files have been written to: C:/viz/extern/pugixml-1.13/cmake-build-release
</Log>
		<ConfigureStatus>0</ConfigureStatus>
		<EndDateTime>Mar 07 18:04 RTZ 2 (ceia)</EndDateTime>
		<EndConfigureTime>1678201486</EndConfigureTime>
		<ElapsedMinutes>0</ElapsedMinutes>
	</Configure>
</Site>
