<?xml version="1.0" encoding="UTF-8"?>
<Site BuildName="Win32-nmake"
	BuildStamp="20230307-1454-Continuous"
	Name="LAPTOP-HCPVMD5U"
	Generator="ctest-3.20.2"
	CompilerName="C:/Program Files (x86)/Microsoft Visual Studio/2019/Community/VC/Tools/MSVC/14.29.30133/bin/Hostx86/x86/cl.exe"
	CompilerVersion="19.29.30146.0"
	OSName="Windows"
	Hostname="LAPTOP-HCPVMD5U"
	OSRelease=" Personal"
	OSVersion=" (Build 22621)"
	OSPlatform="AMD64"
	Is64Bits="1"
	VendorString="GenuineIntel"
	VendorID="Intel Corporation"
	FamilyID="6"
	ModelID="14"
	ProcessorCacheSize="-1"
	NumberOfLogicalCPU="8"
	NumberOfPhysicalCPU="4"
	TotalVirtualMemory="21853"
	TotalPhysicalMemory="12125"
	LogicalProcessorsPerPhysical="2"
	ProcessorClockFrequency="2400"
	>
	<Build>
		<StartDateTime>Mar 07 17:54 RTZ 2 (ceia)</StartDateTime>
		<StartBuildTime>1678200890</StartBuildTime>
		<BuildCommand>"C:\Program Files\JetBrains\CLion 2021.2.3\bin\cmake\win\bin\cmake.exe" --build . --config "Release"</BuildCommand>
		<Log Encoding="base64" Compression="bin/gzip"/>
		<EndDateTime>Mar 07 17:54 RTZ 2 (ceia)</EndDateTime>
		<EndBuildTime>1678200891</EndBuildTime>
		<ElapsedMinutes>0</ElapsedMinutes>
	</Build>
</Site>
